<?xml version="1.0" encoding="UTF-8"?>
<robot generator="Robot 3.1.2 (Python 3.8.1 on win32)" generated="20200314 21:45:06.985" rpa="true">
<suite id="s1" name="Clash Royale Main" source="C:\Users\Gustavo\Desktop\RPA - Clash Royale\clash_royale_main.robot">
<kw name="Before" library="suite_setup" type="setup">
<kw name="Get IP ADDRESS" library="ip_address_recover">
<assign>
<var>${ipAddress}</var>
</assign>
<msg timestamp="20200314 21:45:07.451" level="INFO">${ipAddress} = 187.116.104.22</msg>
<status status="PASS" starttime="20200314 21:45:07.164" endtime="20200314 21:45:07.451"></status>
</kw>
<kw name="Set Global Variable" library="BuiltIn">
<doc>Makes a variable available globally in all tests and suites.</doc>
<arguments>
<arg>${ipAddress}</arg>
</arguments>
<msg timestamp="20200314 21:45:07.451" level="INFO">${ipAddress} = 187.116.104.22</msg>
<status status="PASS" starttime="20200314 21:45:07.451" endtime="20200314 21:45:07.451"></status>
</kw>
<kw name="Open Browser" library="SeleniumLibrary">
<doc>Opens a new browser instance to the optional ``url``.</doc>
<arguments>
<arg>${URL}</arg>
<arg>${BROWSER}</arg>
</arguments>
<msg timestamp="20200314 21:45:07.452" level="INFO">Opening browser 'chrome' to base url 'https://developer.clashroyale.com/'.</msg>
<status status="PASS" starttime="20200314 21:45:07.451" endtime="20200314 21:45:14.049"></status>
</kw>
<kw name="Maximize Browser Window" library="SeleniumLibrary">
<doc>Maximizes current browser window.</doc>
<status status="PASS" starttime="20200314 21:45:14.049" endtime="20200314 21:45:18.166"></status>
</kw>
<status status="PASS" starttime="20200314 21:45:07.164" endtime="20200314 21:45:18.166"></status>
</kw>
<test id="s1-t1" name="Buscar lista de membros de um cla de Clash Royale">
<kw name="Logar no site do Clash Royale" library="page_login">
<kw name="Wait Until Element Is Visible" library="SeleniumLibrary">
<doc>Waits until the element ``locator`` is visible.</doc>
<arguments>
<arg>${main_page.link_login}</arg>
</arguments>
<status status="PASS" starttime="20200314 21:45:18.167" endtime="20200314 21:45:18.190"></status>
</kw>
<kw name="Click Link" library="SeleniumLibrary">
<doc>Clicks a link identified by ``locator``.</doc>
<arguments>
<arg>${main_page.link_login}</arg>
</arguments>
<msg timestamp="20200314 21:45:18.191" level="INFO">Clicking link 'link:Log In'.</msg>
<status status="PASS" starttime="20200314 21:45:18.190" endtime="20200314 21:45:18.243"></status>
</kw>
<kw name="Wait Until Element Is Visible" library="SeleniumLibrary">
<doc>Waits until the element ``locator`` is visible.</doc>
<arguments>
<arg>${login_page.field_username}</arg>
</arguments>
<status status="PASS" starttime="20200314 21:45:18.243" endtime="20200314 21:45:18.261"></status>
</kw>
<kw name="Input Text" library="SeleniumLibrary">
<doc>Types the given ``text`` into the text field identified by ``locator``.</doc>
<arguments>
<arg>${login_page.field_username}</arg>
<arg>${users.user}</arg>
</arguments>
<msg timestamp="20200314 21:45:18.262" level="INFO">Typing text 'gdas2209@gmail.com' into text field 'id:email'.</msg>
<status status="PASS" starttime="20200314 21:45:18.262" endtime="20200314 21:45:18.353"></status>
</kw>
<kw name="Input Password" library="SeleniumLibrary">
<doc>Types the given password into the text field identified by ``locator``.</doc>
<arguments>
<arg>${login_page.field_password}</arg>
<arg>${users.password}</arg>
</arguments>
<msg timestamp="20200314 21:45:18.353" level="INFO">Typing password into text field 'id:password'.</msg>
<status status="PASS" starttime="20200314 21:45:18.353" endtime="20200314 21:45:18.421"></status>
</kw>
<kw name="Click Element" library="SeleniumLibrary">
<doc>Click the element identified by ``locator``.</doc>
<arguments>
<arg>${login_page.button_login}</arg>
</arguments>
<msg timestamp="20200314 21:45:18.421" level="INFO">Clicking element 'class:btn-primary'.</msg>
<status status="PASS" starttime="20200314 21:45:18.421" endtime="20200314 21:45:18.460"></status>
</kw>
<status status="PASS" starttime="20200314 21:45:18.167" endtime="20200314 21:45:18.460"></status>
</kw>
<kw name="Gerar uma API Key" library="page_api_key">
<kw name="Wait Until Element Is Visible" library="SeleniumLibrary">
<doc>Waits until the element ``locator`` is visible.</doc>
<arguments>
<arg>${logged_page.button_user_name}</arg>
</arguments>
<status status="PASS" starttime="20200314 21:45:18.461" endtime="20200314 21:45:19.503"></status>
</kw>
<kw name="Click Button" library="SeleniumLibrary">
<doc>Clicks the button identified by ``locator``.</doc>
<arguments>
<arg>${logged_page.button_user_name}</arg>
</arguments>
<msg timestamp="20200314 21:45:19.504" level="INFO">Clicking button 'class:btn-default'.</msg>
<status status="PASS" starttime="20200314 21:45:19.503" endtime="20200314 21:45:19.549"></status>
</kw>
<kw name="Click Element" library="SeleniumLibrary">
<doc>Click the element identified by ``locator``.</doc>
<arguments>
<arg>${logged_page.link_my_account}</arg>
</arguments>
<msg timestamp="20200314 21:45:19.551" level="INFO">Clicking element 'link:My Account'.</msg>
<status status="PASS" starttime="20200314 21:45:19.549" endtime="20200314 21:45:19.630"></status>
</kw>
<kw name="Wait Until Element Is Visible" library="SeleniumLibrary">
<doc>Waits until the element ``locator`` is visible.</doc>
<arguments>
<arg>${api_key_page.link_new_key}</arg>
</arguments>
<status status="PASS" starttime="20200314 21:45:19.630" endtime="20200314 21:45:19.660"></status>
</kw>
<kw name="Click Element" library="SeleniumLibrary">
<doc>Click the element identified by ``locator``.</doc>
<arguments>
<arg>${api_key_page.link_new_key}</arg>
</arguments>
<msg timestamp="20200314 21:45:19.661" level="INFO">Clicking element 'link:Create New Key'.</msg>
<status status="PASS" starttime="20200314 21:45:19.660" endtime="20200314 21:45:19.732"></status>
</kw>
<kw name="Input Text" library="SeleniumLibrary">
<doc>Types the given ``text`` into the text field identified by ``locator``.</doc>
<arguments>
<arg>${api_key_page.input_key_name}</arg>
<arg>${keys.key_name}</arg>
</arguments>
<msg timestamp="20200314 21:45:19.732" level="INFO">Typing text 'Teste RPA Key' into text field 'id:name'.</msg>
<status status="PASS" starttime="20200314 21:45:19.732" endtime="20200314 21:45:19.827"></status>
</kw>
<kw name="Input Text" library="SeleniumLibrary">
<doc>Types the given ``text`` into the text field identified by ``locator``.</doc>
<arguments>
<arg>${api_key_page.input_key_description}</arg>
<arg>${keys.key_description}</arg>
</arguments>
<msg timestamp="20200314 21:45:19.827" level="INFO">Typing text 'Descrição Teste RPA Key' into text field 'id:description'.</msg>
<status status="PASS" starttime="20200314 21:45:19.827" endtime="20200314 21:45:19.943"></status>
</kw>
<kw name="Input Text" library="SeleniumLibrary">
<doc>Types the given ``text`` into the text field identified by ``locator``.</doc>
<arguments>
<arg>${api_key_page.input_key_ip}</arg>
<arg>${ipAddress}</arg>
</arguments>
<msg timestamp="20200314 21:45:19.943" level="INFO">Typing text '187.116.104.22' into text field 'id:range-0'.</msg>
<status status="PASS" starttime="20200314 21:45:19.943" endtime="20200314 21:45:20.031"></status>
</kw>
<kw name="Click Element" library="SeleniumLibrary">
<doc>Click the element identified by ``locator``.</doc>
<arguments>
<arg>${api_key_page.button_create_key}</arg>
</arguments>
<msg timestamp="20200314 21:45:20.032" level="INFO">Clicking element 'class:ladda-label'.</msg>
<status status="PASS" starttime="20200314 21:45:20.032" endtime="20200314 21:45:20.070"></status>
</kw>
<kw name="Wait Until Element Is Visible" library="SeleniumLibrary">
<doc>Waits until the element ``locator`` is visible.</doc>
<arguments>
<arg>${api_key_page.success_alert_element}</arg>
</arguments>
<status status="PASS" starttime="20200314 21:45:20.071" endtime="20200314 21:45:20.703"></status>
</kw>
<kw name="Element Should Contain" library="SeleniumLibrary">
<doc>Verifies that element ``locator`` contains text ``expected``.</doc>
<arguments>
<arg>${api_key_page.success_alert_element}</arg>
<arg>${keys.success_alert_text}</arg>
</arguments>
<msg timestamp="20200314 21:45:20.718" level="INFO">Element 'css:#content &gt; div &gt; div.drawer-main-container &gt; div &gt; div &gt; section.account__keys &gt; div &gt; div &gt; div.col-xs-light.col-xs-12.col-sm-6.col-md-5.col-md-offset-2 &gt; ul &gt; div &gt; span:nth-child(3)' contains text 'Key created successfully.'.</msg>
<status status="PASS" starttime="20200314 21:45:20.703" endtime="20200314 21:45:20.718"></status>
</kw>
<kw name="Wait Until Element Is Visible" library="SeleniumLibrary">
<doc>Waits until the element ``locator`` is visible.</doc>
<arguments>
<arg>${get_api_key_page.button_new_key}</arg>
</arguments>
<status status="PASS" starttime="20200314 21:45:20.718" endtime="20200314 21:45:21.144"></status>
</kw>
<kw name="Click Element" library="SeleniumLibrary">
<doc>Click the element identified by ``locator``.</doc>
<arguments>
<arg>${get_api_key_page.button_new_key}</arg>
</arguments>
<msg timestamp="20200314 21:45:21.144" level="INFO">Clicking element 'class:api-key'.</msg>
<status status="PASS" starttime="20200314 21:45:21.144" endtime="20200314 21:45:21.197"></status>
</kw>
<kw name="Wait Until Element Is Visible" library="SeleniumLibrary">
<doc>Waits until the element ``locator`` is visible.</doc>
<arguments>
<arg>${get_api_key_page.txt_token}</arg>
</arguments>
<status status="PASS" starttime="20200314 21:45:21.197" endtime="20200314 21:45:21.212"></status>
</kw>
<kw name="Get Text" library="SeleniumLibrary">
<doc>Returns the text value of the element identified by ``locator``.</doc>
<arguments>
<arg>${get_api_key_page.txt_token}</arg>
</arguments>
<assign>
<var>${accessToken}</var>
</assign>
<msg timestamp="20200314 21:45:21.226" level="INFO">${accessToken} = eyJ0eXAiOiJKV1QiLCJhbGciOiJIUzUxMiIsImtpZCI6IjI4YTMxOGY3LTAwMDAtYTFlYi03ZmExLTJjNzQzM2M2Y2NhNSJ9.eyJpc3MiOiJzdXBlcmNlbGwiLCJhdWQiOiJzdXBlcmNlbGw6Z2FtZWFwaSIsImp0aSI6Ijc2OTY4MTgxLTUwOWMtNDQxNi04ZDdlLWQ...</msg>
<status status="PASS" starttime="20200314 21:45:21.212" endtime="20200314 21:45:21.226"></status>
</kw>
<kw name="Set Global Variable" library="BuiltIn">
<doc>Makes a variable available globally in all tests and suites.</doc>
<arguments>
<arg>${accessToken}</arg>
</arguments>
<msg timestamp="20200314 21:45:21.226" level="INFO">${accessToken} = eyJ0eXAiOiJKV1QiLCJhbGciOiJIUzUxMiIsImtpZCI6IjI4YTMxOGY3LTAwMDAtYTFlYi03ZmExLTJjNzQzM2M2Y2NhNSJ9.eyJpc3MiOiJzdXBlcmNlbGwiLCJhdWQiOiJzdXBlcmNlbGw6Z2FtZWFwaSIsImp0aSI6Ijc2OTY4MTgxLTUwOWMtNDQxNi04ZDdlLWQ...</msg>
<status status="PASS" starttime="20200314 21:45:21.226" endtime="20200314 21:45:21.226"></status>
</kw>
<status status="PASS" starttime="20200314 21:45:18.461" endtime="20200314 21:45:21.226"></status>
</kw>
<kw name="Gerar lista de members do cla" library="api_integration">
<kw name="Get Clan ID" library="clashroyale_api_integration">
<arguments>
<arg>${accessToken}</arg>
</arguments>
<assign>
<var>${clanId}</var>
</assign>
<msg timestamp="20200314 21:45:22.419" level="INFO">${clanId} = 9V2YV8YJ</msg>
<status status="PASS" starttime="20200314 21:45:21.227" endtime="20200314 21:45:22.419"></status>
</kw>
<kw name="Get Clan Members" library="clashroyale_api_integration">
<arguments>
<arg>${accessToken}</arg>
<arg>${clanId}</arg>
</arguments>
<assign>
<var>${members}</var>
</assign>
<msg timestamp="20200314 21:45:23.252" level="INFO">${members} = {'items': [{'tag': '#8C0VVVCJP', 'name': 'carlinho', 'role': 'member', 'lastSeen': '20200314T223902.000Z', 'expLevel': 13, 'trophies': 6247, 'arena': {'id': 54000018, 'name': 'Champion'}, 'clanRank': ...</msg>
<status status="PASS" starttime="20200314 21:45:22.420" endtime="20200314 21:45:23.252"></status>
</kw>
<kw name="Create Members CSV" library="clashroyale_api_integration">
<arguments>
<arg>${members}</arg>
</arguments>
<status status="PASS" starttime="20200314 21:45:23.252" endtime="20200314 21:45:23.253"></status>
</kw>
<status status="PASS" starttime="20200314 21:45:21.227" endtime="20200314 21:45:23.253"></status>
</kw>
<doc>Este processo se refere ao acesso via interface e integração por API
para gerar uma lista de membros de um clã de Clash Royale</doc>
<status status="PASS" starttime="20200314 21:45:18.166" endtime="20200314 21:45:23.254" critical="yes"></status>
</test>
<kw name="After" library="suite_teardown" type="teardown">
<kw name="Close Browser" library="SeleniumLibrary">
<doc>Closes the current browser.</doc>
<status status="PASS" starttime="20200314 21:45:23.255" endtime="20200314 21:45:25.367"></status>
</kw>
<status status="PASS" starttime="20200314 21:45:23.255" endtime="20200314 21:45:25.367"></status>
</kw>
<status status="PASS" starttime="20200314 21:45:06.986" endtime="20200314 21:45:25.367"></status>
</suite>
<statistics>
<total>
<stat pass="1" fail="0">Critical Tasks</stat>
<stat pass="1" fail="0">All Tasks</stat>
</total>
<tag>
</tag>
<suite>
<stat pass="1" fail="0" id="s1" name="Clash Royale Main">Clash Royale Main</stat>
</suite>
</statistics>
<errors>
</errors>
</robot>
